<?xml version="1.0" encoding="UTF-8"?>
<!-- Generated by org.testng.reporters.JUnitXMLReporter -->
<testsuite ignored="0" hostname="DESKTOP-CB523E7" failures="0" tests="5" name="Default test" time="0.314" errors="0" timestamp="2024-02-03T02:51:04 IST">
  <testcase classname="com.capital_Market.testcases.BaseClass" name="@BeforeClass setup" time="-1.706908864081E9">
    <failure type="org.testng.TestNGException" message="
Parameter &amp;apos;browser&amp;apos; is required by BeforeClass on method setup but has not been marked @Optional or defined
in C:\Users\Vikas\AppData\Local\Temp\testng-eclipse-786521085\testng-customsuite.xml">
      <![CDATA[org.testng.TestNGException: 
Parameter 'browser' is required by BeforeClass on method setup but has not been marked @Optional or defined
in C:\Users\Vikas\AppData\Local\Temp\testng-eclipse-786521085\testng-customsuite.xml
at org.testng.internal.Parameters.createParams(Parameters.java:267)
at org.testng.internal.Parameters.createParametersForMethod(Parameters.java:355)
at org.testng.internal.Parameters.createParameters(Parameters.java:684)
at org.testng.internal.Parameters.createConfigurationParameters(Parameters.java:166)
at org.testng.internal.invokers.ConfigInvoker.invokeConfigurations(ConfigInvoker.java:277)
at org.testng.internal.invokers.TestMethodWorker.invokeBeforeClassMethods(TestMethodWorker.java:180)
at org.testng.internal.invokers.TestMethodWorker.run(TestMethodWorker.java:122)
at java.base/java.util.ArrayList.forEach(ArrayList.java:1540)
at org.testng.TestRunner.privateRun(TestRunner.java:806)
at org.testng.TestRunner.run(TestRunner.java:601)
at org.testng.SuiteRunner.runTest(SuiteRunner.java:433)
at org.testng.SuiteRunner.runSequentially(SuiteRunner.java:427)
at org.testng.SuiteRunner.privateRun(SuiteRunner.java:387)
at org.testng.SuiteRunner.run(SuiteRunner.java:330)
at org.testng.SuiteRunnerWorker.runSuite(SuiteRunnerWorker.java:52)
at org.testng.SuiteRunnerWorker.run(SuiteRunnerWorker.java:95)
at org.testng.TestNG.runSuitesSequentially(TestNG.java:1256)
at org.testng.TestNG.runSuitesLocally(TestNG.java:1176)
at org.testng.TestNG.runSuites(TestNG.java:1099)
at org.testng.TestNG.run(TestNG.java:1067)
at org.testng.remote.AbstractRemoteTestNG.run(AbstractRemoteTestNG.java:115)
at org.testng.remote.RemoteTestNG.initAndRun(RemoteTestNG.java:251)
at org.testng.remote.RemoteTestNG.main(RemoteTestNG.java:77)
]]>
    </failure>
  </testcase> <!-- @BeforeClass setup -->
  <testcase classname="com.capital_Market.testcases.BaseClass" name="test" time="0.0">
    <skipped/>
  </testcase> <!-- test -->
  <testcase classname="com.capital_Market.testcases.TC_logoutpage" name="checklogin" time="0.0">
    <skipped/>
  </testcase> <!-- checklogin -->
  <testcase classname="com.capital_Market.testcases.TC_logoutpage" name="checklogout" time="0.001">
    <skipped/>
  </testcase> <!-- checklogout -->
  <testcase classname="com.capital_Market.testcases.TC_logoutpage" name="checkimg" time="0.0">
    <skipped/>
  </testcase> <!-- checkimg -->
  <testcase classname="com.capital_Market.testcases.TC_logoutpage" name="setname" time="0.001">
    <skipped/>
  </testcase> <!-- setname -->
</testsuite> <!-- Default test -->
